<?xml version="1.0" encoding="UTF-8"?>
<testng-results skipped="0" failed="0" ignored="0" total="1" passed="1">
  <reporter-output>
  </reporter-output>
  <suite name="Surefire suite" duration-ms="31884" started-at="2020-04-14T16:01:24Z" finished-at="2020-04-14T16:01:56Z">
    <groups>
    </groups>
    <test name="Surefire test" duration-ms="31884" started-at="2020-04-14T16:01:24Z" finished-at="2020-04-14T16:01:56Z">
      <class name="com.orange.hrm.testsuit.SuccessStoriesPageTest">
        <test-method status="PASS" signature="openBrowser()[pri:0, instance:com.orange.hrm.testsuit.SuccessStoriesPageTest@69d9c55]" name="openBrowser" is-config="true" duration-ms="21048" started-at="2020-04-14T16:01:24Z" finished-at="2020-04-14T16:01:45Z">
          <reporter-output>
          </reporter-output>
        </test-method> <!-- openBrowser -->
        <test-method status="PASS" signature="userShouldNavigateToSuccessStoriePage()[pri:0, instance:com.orange.hrm.testsuit.SuccessStoriesPageTest@69d9c55]" name="userShouldNavigateToSuccessStoriePage" duration-ms="8374" started-at="2020-04-14T16:01:45Z" finished-at="2020-04-14T16:01:54Z">
          <reporter-output>
          </reporter-output>
        </test-method> <!-- userShouldNavigateToSuccessStoriePage -->
        <test-method status="PASS" signature="tearDown()[pri:0, instance:com.orange.hrm.testsuit.SuccessStoriesPageTest@69d9c55]" name="tearDown" is-config="true" duration-ms="2403" started-at="2020-04-14T16:01:54Z" finished-at="2020-04-14T16:01:56Z">
          <reporter-output>
          </reporter-output>
        </test-method> <!-- tearDown -->
      </class> <!-- com.orange.hrm.testsuit.SuccessStoriesPageTest -->
    </test> <!-- Surefire test -->
  </suite> <!-- Surefire suite -->
</testng-results>
